C:\XFZHU\PROJECTS\BU5\DOCUMENTS\WAPIWRAPPER\WAPIWRAPPERCPP\SAMPLES\WINDTRADECPPSAMPLE\DEBUG\WINDTRADECPPSAMPLE.EXE
C:\XFZHU\PROJECTS\BU5\DOCUMENTS\WAPIWRAPPER\WAPIWRAPPERCPP\SAMPLES\WINDTRADECPPSAMPLE\DEBUG\WINDTRADECPPSAMPLE.ILK
C:\XFZHU\PROJECTS\BU5\DOCUMENTS\WAPIWRAPPER\WAPIWRAPPERCPP\SAMPLES\WINDTRADECPPSAMPLE\DEBUG\WINDTRADECPPSAMPLE.PDB
C:\xfzhu\Projects\BU5\Documents\WAPIWrapper\WAPIWrapperCPP\Samples\WindTradeCppSample\WindTradeCppSample\Debug\cl.command.1.tlog
C:\xfzhu\Projects\BU5\Documents\WAPIWrapper\WAPIWrapperCPP\Samples\WindTradeCppSample\WindTradeCppSample\Debug\CL.read.1.tlog
C:\xfzhu\Projects\BU5\Documents\WAPIWrapper\WAPIWrapperCPP\Samples\WindTradeCppSample\WindTradeCppSample\Debug\CL.write.1.tlog
C:\xfzhu\Projects\BU5\Documents\WAPIWrapper\WAPIWrapperCPP\Samples\WindTradeCppSample\WindTradeCppSample\Debug\link.3612.read.1.tlog
C:\xfzhu\Projects\BU5\Documents\WAPIWrapper\WAPIWrapperCPP\Samples\WindTradeCppSample\WindTradeCppSample\Debug\link.3612.write.1.tlog
C:\xfzhu\Projects\BU5\Documents\WAPIWrapper\WAPIWrapperCPP\Samples\WindTradeCppSample\WindTradeCppSample\Debug\link.3612-cvtres.read.1.tlog
C:\xfzhu\Projects\BU5\Documents\WAPIWrapper\WAPIWrapperCPP\Samples\WindTradeCppSample\WindTradeCppSample\Debug\link.3612-cvtres.write.1.tlog
C:\xfzhu\Projects\BU5\Documents\WAPIWrapper\WAPIWrapperCPP\Samples\WindTradeCppSample\WindTradeCppSample\Debug\link.command.1.tlog
C:\xfzhu\Projects\BU5\Documents\WAPIWrapper\WAPIWrapperCPP\Samples\WindTradeCppSample\WindTradeCppSample\Debug\link.read.1.tlog
C:\xfzhu\Projects\BU5\Documents\WAPIWrapper\WAPIWrapperCPP\Samples\WindTradeCppSample\WindTradeCppSample\Debug\link.write.1.tlog
C:\xfzhu\Projects\BU5\Documents\WAPIWrapper\WAPIWrapperCPP\Samples\WindTradeCppSample\WindTradeCppSample\Debug\link-cvtres.read.1.tlog
C:\xfzhu\Projects\BU5\Documents\WAPIWrapper\WAPIWrapperCPP\Samples\WindTradeCppSample\WindTradeCppSample\Debug\link-cvtres.write.1.tlog
C:\xfzhu\Projects\BU5\Documents\WAPIWrapper\WAPIWrapperCPP\Samples\WindTradeCppSample\WindTradeCppSample\Debug\mt.command.1.tlog
C:\xfzhu\Projects\BU5\Documents\WAPIWrapper\WAPIWrapperCPP\Samples\WindTradeCppSample\WindTradeCppSample\Debug\mt.read.1.tlog
C:\xfzhu\Projects\BU5\Documents\WAPIWrapper\WAPIWrapperCPP\Samples\WindTradeCppSample\WindTradeCppSample\Debug\mt.write.1.tlog
C:\xfzhu\Projects\BU5\Documents\WAPIWrapper\WAPIWrapperCPP\Samples\WindTradeCppSample\WindTradeCppSample\Debug\rc.command.1.tlog
C:\xfzhu\Projects\BU5\Documents\WAPIWrapper\WAPIWrapperCPP\Samples\WindTradeCppSample\WindTradeCppSample\Debug\rc.read.1.tlog
C:\xfzhu\Projects\BU5\Documents\WAPIWrapper\WAPIWrapperCPP\Samples\WindTradeCppSample\WindTradeCppSample\Debug\rc.write.1.tlog
C:\XFZHU\PROJECTS\BU5\DOCUMENTS\WAPIWRAPPER\WAPIWRAPPERCPP\SAMPLES\WINDTRADECPPSAMPLE\WINDTRADECPPSAMPLE\DEBUG\STDAFX.OBJ
C:\xfzhu\Projects\BU5\Documents\WAPIWrapper\WAPIWrapperCPP\Samples\WindTradeCppSample\WindTradeCppSample\Debug\vc100.idb
C:\XFZHU\PROJECTS\BU5\DOCUMENTS\WAPIWRAPPER\WAPIWRAPPERCPP\SAMPLES\WINDTRADECPPSAMPLE\WINDTRADECPPSAMPLE\DEBUG\VC100.PDB
C:\XFZHU\PROJECTS\BU5\DOCUMENTS\WAPIWRAPPER\WAPIWRAPPERCPP\SAMPLES\WINDTRADECPPSAMPLE\WINDTRADECPPSAMPLE\DEBUG\WINDTRADECPPSAMPLE.EXE.EMBED.MANIFEST
C:\XFZHU\PROJECTS\BU5\DOCUMENTS\WAPIWRAPPER\WAPIWRAPPERCPP\SAMPLES\WINDTRADECPPSAMPLE\WINDTRADECPPSAMPLE\DEBUG\WINDTRADECPPSAMPLE.EXE.EMBED.MANIFEST.RES
C:\XFZHU\PROJECTS\BU5\DOCUMENTS\WAPIWRAPPER\WAPIWRAPPERCPP\SAMPLES\WINDTRADECPPSAMPLE\WINDTRADECPPSAMPLE\DEBUG\WINDTRADECPPSAMPLE.EXE.INTERMEDIATE.MANIFEST
C:\XFZHU\PROJECTS\BU5\DOCUMENTS\WAPIWRAPPER\WAPIWRAPPERCPP\SAMPLES\WINDTRADECPPSAMPLE\WINDTRADECPPSAMPLE\DEBUG\WINDTRADECPPSAMPLE.OBJ
C:\XFZHU\PROJECTS\BU5\DOCUMENTS\WAPIWRAPPER\WAPIWRAPPERCPP\SAMPLES\WINDTRADECPPSAMPLE\WINDTRADECPPSAMPLE\DEBUG\WINDTRADECPPSAMPLE.PCH
C:\xfzhu\Projects\BU5\Documents\WAPIWrapper\WAPIWrapperCPP\Samples\WindTradeCppSample\WindTradeCppSample\Debug\WindTradeCppSample_manifest.rc
