生成启动时间为 2015-1-12 17:21:53。
     1>项目“C:\xfzhu\Projects\BU5\Documents\WAPIWrapper\WAPIWrapperCPP\Samples\WindTradeCppSample\WindTradeCppSample\WindTradeCppSample.vcxproj”在节点 2 上(build 个目标)。
     1>InitializeBuildStatus:
         正在创建“Debug\WindTradeCppSample.unsuccessfulbuild”，因为已指定“AlwaysCreate”。
       ClCompile:
         所有输出均为最新。
         C:\Program Files (x86)\Microsoft Visual Studio 10.0\VC\bin\CL.exe /c /I..\..\..\API /ZI /nologo /W3 /WX- /Od /Oy- /D WIN32 /D _DEBUG /D _CONSOLE /D _UNICODE /D UNICODE /Gm /EHsc /RTC1 /MDd /GS /fp:precise /Zc:wchar_t /Zc:forScope /Yu"StdAfx.h" /Fp"Debug\WindTradeCppSample.pch" /Fo"Debug\\" /Fd"Debug\vc100.pdb" /Gd /TP /analyze- /errorReport:prompt WindTradeCppSample.cpp
         WindTradeCppSample.cpp
       ManifestResourceCompile:
         所有输出均为最新。
       Link:
         C:\Program Files (x86)\Microsoft Visual Studio 10.0\VC\bin\link.exe /ERRORREPORT:PROMPT /OUT:"C:\xfzhu\Projects\BU5\Documents\WAPIWrapper\WAPIWrapperCPP\Samples\WindTradeCppSample\Debug\WindTradeCppSample.exe" /INCREMENTAL /NOLOGO /LIBPATH:..\..\..\lib\Win32 WAPIWrapperCpp.lib kernel32.lib user32.lib gdi32.lib winspool.lib comdlg32.lib advapi32.lib shell32.lib ole32.lib oleaut32.lib uuid.lib odbc32.lib odbccp32.lib /MANIFEST /ManifestFile:"Debug\WindTradeCppSample.exe.intermediate.manifest" /MANIFESTUAC:"level='asInvoker' uiAccess='false'" /DEBUG /PDB:"C:\xfzhu\Projects\BU5\Documents\WAPIWrapper\WAPIWrapperCPP\Samples\WindTradeCppSample\Debug\WindTradeCppSample.pdb" /SUBSYSTEM:CONSOLE /TLBID:1 /DYNAMICBASE /NXCOMPAT /IMPLIB:"C:\xfzhu\Projects\BU5\Documents\WAPIWrapper\WAPIWrapperCPP\Samples\WindTradeCppSample\Debug\WindTradeCppSample.lib" /MACHINE:X86 Debug\WindTradeCppSample.exe.embed.manifest.res
         Debug\stdafx.obj
         Debug\WindTradeCppSample.obj
       Manifest:
         C:\Program Files (x86)\Microsoft SDKs\Windows\v7.0A\bin\mt.exe /nologo /verbose /out:"Debug\WindTradeCppSample.exe.embed.manifest" /manifest Debug\WindTradeCppSample.exe.intermediate.manifest
         所有输出均为最新。
       LinkEmbedManifest:
         所有输出均为最新。
         WindTradeCppSample.vcxproj -> C:\xfzhu\Projects\BU5\Documents\WAPIWrapper\WAPIWrapperCPP\Samples\WindTradeCppSample\Debug\WindTradeCppSample.exe
       FinalizeBuildStatus:
         正在删除文件“Debug\WindTradeCppSample.unsuccessfulbuild”。
         正在对“Debug\WindTradeCppSample.lastbuildstate”执行 Touch 任务。
     1>已完成生成项目“C:\xfzhu\Projects\BU5\Documents\WAPIWrapper\WAPIWrapperCPP\Samples\WindTradeCppSample\WindTradeCppSample\WindTradeCppSample.vcxproj”(build 个目标)的操作。

生成成功。

已用时间 00:00:04.78
